<?xml version="1.0" encoding="UTF-8"?>
<!-- Generated by org.testng.reporters.JUnitReportReporter -->
<testsuite hostname="CHQS-7ZV5CY3" failures="0" tests="2" name="Selenium.SeleniumFrameworkPOM.TestNGExecutionOrder" time="0.009" errors="0" timestamp="2025-02-25T21:38:22 EST" skipped="0">
  <testcase classname="Selenium.SeleniumFrameworkPOM.TestNGExecutionOrder" name="testMethod1" time="0.007"/>
  <system-out/>
  <testcase classname="Selenium.SeleniumFrameworkPOM.TestNGExecutionOrder" name="testMethod2" time="0.002"/>
  <system-out/>
</testsuite> <!-- Selenium.SeleniumFrameworkPOM.TestNGExecutionOrder -->
