<?xml version="1.0" encoding="UTF-8"?>
<!-- Generated by org.testng.reporters.JUnitReportReporter -->
<testsuite hostname="CHQS-7ZV5CY3" failures="0" tests="1" name="Selenium.SeleniumFrameworkPOM.LoginPageTest" time="0.440" errors="0" timestamp="2025-01-30T00:02:22 EST" skipped="0">
  <testcase classname="Selenium.SeleniumFrameworkPOM.LoginPageTest" name="Login" time="0.440"/>
</testsuite> <!-- Selenium.SeleniumFrameworkPOM.LoginPageTest -->
