<?xml version="1.0" encoding="UTF-8"?>
<!-- Generated by org.testng.reporters.JUnitReportReporter -->
<testsuite hostname="CHQS-7ZV5CY3" failures="0" tests="2" name="Selenium.SeleniumFrameworkPOM.Parallel_Testing" time="1.757" errors="0" timestamp="2025-03-18T17:40:40 EDT" skipped="0">
  <testcase classname="Selenium.SeleniumFrameworkPOM.Parallel_Testing" name="login" time="0.501"/>
  <system-out/>
  <testcase classname="Selenium.SeleniumFrameworkPOM.Parallel_Testing" name="login" time="1.256"/>
  <system-out/>
</testsuite> <!-- Selenium.SeleniumFrameworkPOM.Parallel_Testing -->
