<?xml version="1.0" encoding="UTF-8"?>
<!-- Generated by org.testng.reporters.JUnitReportReporter -->
<testsuite hostname="CHQS-7ZV5CY3" failures="0" tests="5" name="Selenium.SeleniumFrameworkPOM.dataprovider" time="27.189" errors="0" timestamp="2025-03-18T15:18:13 EDT" skipped="0">
  <testcase classname="Selenium.SeleniumFrameworkPOM.dataprovider" name="login" time="5.419"/>
  <system-out/>
  <testcase classname="Selenium.SeleniumFrameworkPOM.dataprovider" name="login" time="5.971"/>
  <system-out/>
  <testcase classname="Selenium.SeleniumFrameworkPOM.dataprovider" name="login" time="5.662"/>
  <system-out/>
  <testcase classname="Selenium.SeleniumFrameworkPOM.dataprovider" name="login" time="5.496"/>
  <system-out/>
  <testcase classname="Selenium.SeleniumFrameworkPOM.dataprovider" name="login" time="4.641"/>
  <system-out/>
</testsuite> <!-- Selenium.SeleniumFrameworkPOM.dataprovider -->
